name: train
run_id: commands[0]
env COMSPEC: C:\WINDOWS\system32\cmd.exe
env NUMBER_OF_PROCESSORS: 12
env PATHEXT: .COM;.EXE;.BAT;.CMD;.VBS;.VBE;.JS;.JSE;.WSF;.WSH;.MSC;.RB;.RBW;.CPL
env PROCESSOR_ARCHITECTURE: AMD64
env PROGRAMDATA: C:\ProgramData
env PROGRAMFILES: C:\Program Files
env PROGRAMFILES(X86): C:\Program Files (x86)
env SYSTEMDRIVE: C:
env SYSTEMROOT: C:\WINDOWS
env TEMP: C:\Users\satya\AppData\Local\Temp
env TMP: C:\Users\satya\AppData\Local\Temp
env USERPROFILE: C:\Users\satya
env LANG: en_US.UTF-8
env PATH: C:\Users\satya\OneDrive\Documents\GitHub\ML_Ops\MLOps\Section-05-Production-Model-Titanic-Package\.tox\test_package\Scripts;C:\windows\system32;C:\windows;C:\windows\System32\Wbem;C:\windows\System32\WindowsPowerShell\v1.0\;C:\windows\System32\OpenSSH\;C:\Program Files (x86)\NVIDIA Corporation\PhysX\Common;C:\Program Files\NVIDIA Corporation\NVIDIA NvDLISR;C:\WINDOWS\system32;C:\WINDOWS;C:\WINDOWS\System32\Wbem;C:\WINDOWS\System32\WindowsPowerShell\v1.0\;C:\WINDOWS\System32\OpenSSH\;C:\Users\satya\AppData\Local\Programs\Python\Python39;C:\Users\satya\AppData\Local\Programs\Python\Python39\Scripts;C:\Program Files\Git\cmd;C:\Program Files\Docker\Docker\resources\bin;C:\Program Files\nodejs\;C:\Users\satya\scoop\shims;C:\Ruby31-x64\bin;C:\Users\satya\AppData\Local\Microsoft\WindowsApps;C:\Program Files\JetBrains\PyCharm Community Edition 2022.2.3\bin;;C:\Users\satya\AppData\Local\Programs\Microsoft VS Code\bin;C:\Users\satya\AppData\Local\GitHubDesktop\bin;C:\Users\satya\AppData\Roaming\npm
env PIP_DISABLE_PIP_VERSION_CHECK: 1
env PYTHONIOENCODING: utf-8
env PYTHONPATH: .
env PYTHONHASHSEED: 0
env TOX_ENV_NAME: train
env TOX_WORK_DIR: C:\Users\satya\OneDrive\Documents\GitHub\ML_Ops\MLOps\Section-05-Production-Model-Titanic-Package\.tox
env TOX_ENV_DIR: C:\Users\satya\OneDrive\Documents\GitHub\ML_Ops\MLOps\Section-05-Production-Model-Titanic-Package\.tox\test_package
env VIRTUAL_ENV: C:\Users\satya\OneDrive\Documents\GitHub\ML_Ops\MLOps\Section-05-Production-Model-Titanic-Package\.tox\test_package
env COLUMNS: 159
env LINES: 23
metadata pid: 19740
cwd: C:\Users\satya\OneDrive\Documents\GitHub\ML_Ops\MLOps\Section-05-Production-Model-Titanic-Package
allow: C:\Users\satya\OneDrive\Documents\GitHub\ML_Ops\MLOps\Section-05-Production-Model-Titanic-Package\.tox\test_package\Scripts\*
cmd: python classification_model/train_pipeline.py
exit_code: 1
Type of Object <class 'pandas.core.frame.DataFrame'>
dataframe Before PreProcessing 
       pclass  survived                                             name     sex     age  ...    cabin  embarked boat body                        home.dest
0          1         1                    Allen, Miss. Elisabeth Walton  female      29  ...       B5         S    2    ?                     St Louis, MO
1          1         1                   Allison, Master. Hudson Trevor    male  0.9167  ...  C22 C26         S   11    ?  Montreal, PQ / Chesterville, ON
2          1         0                     Allison, Miss. Helen Loraine  female       2  ...  C22 C26         S    ?    ?  Montreal, PQ / Chesterville, ON
3          1         0             Allison, Mr. Hudson Joshua Creighton    male      30  ...  C22 C26         S    ?  135  Montreal, PQ / Chesterville, ON
4          1         0  Allison, Mrs. Hudson J C (Bessie Waldo Daniels)  female      25  ...  C22 C26         S    ?    ?  Montreal, PQ / Chesterville, ON
...      ...       ...                                              ...     ...     ...  ...      ...       ...  ...  ...                              ...
1304       3         0                             Zabour, Miss. Hileni  female    14.5  ...        ?         C    ?  328                                ?
1305       3         0                            Zabour, Miss. Thamine  female       ?  ...        ?         C    ?    ?                                ?
1306       3         0                        Zakarian, Mr. Mapriededer    male    26.5  ...        ?         C    ?  304                                ?
1307       3         0                              Zakarian, Mr. Ortin    male      27  ...        ?         C    ?    ?                                ?
1308       3         0                               Zimmerman, Mr. Leo    male      29  ...        ?         S    ?    ?                                ?

[1309 rows x 14 columns]
DataFrame After Processing 
       pclass  survived     sex      age  sibsp  parch      fare cabin embarked   title
0          1         1  female  29.0000      0      0  211.3375    B5        S    Miss
1          1         1    male   0.9167      1      2  151.5500   C22        S  Master
2          1         0  female   2.0000      1      2  151.5500   C22        S    Miss
3          1         0    male  30.0000      1      2  151.5500   C22        S      Mr
4          1         0  female  25.0000      1      2  151.5500   C22        S     Mrs
...      ...       ...     ...      ...    ...    ...       ...   ...      ...     ...
1304       3         0  female  14.5000      1      0   14.4542   NaN        C    Miss
1305       3         0  female      NaN      1      0   14.4542   NaN        C    Miss
1306       3         0    male  26.5000      0      0    7.2250   NaN        C      Mr
1307       3         0    male  27.0000      0      0    7.2250   NaN        C      Mr
1308       3         0    male  29.0000      0      0    7.8750   NaN        S      Mr

[1309 rows x 10 columns]

standard error:
C:\Users\satya\OneDrive\Documents\GitHub\ML_Ops\MLOps\Section-05-Production-Model-Titanic-Package\.tox\test_package\lib\site-packages\pandas\core\arraylike.py:402: RuntimeWarning: divide by zero encountered in log
  result = getattr(ufunc, method)(*inputs, **kwargs)
Traceback (most recent call last):
  File "C:\Users\satya\OneDrive\Documents\GitHub\ML_Ops\MLOps\Section-05-Production-Model-Titanic-Package\classification_model\train_pipeline.py", line 35, in <module>
    run_training()
  File "C:\Users\satya\OneDrive\Documents\GitHub\ML_Ops\MLOps\Section-05-Production-Model-Titanic-Package\classification_model\train_pipeline.py", line 28, in run_training
    price_pipe.fit(X_train, y_train)
  File "C:\Users\satya\OneDrive\Documents\GitHub\ML_Ops\MLOps\Section-05-Production-Model-Titanic-Package\.tox\test_package\lib\site-packages\sklearn\pipeline.py", line 401, in fit
    Xt = self._fit(X, y, **fit_params_steps)
  File "C:\Users\satya\OneDrive\Documents\GitHub\ML_Ops\MLOps\Section-05-Production-Model-Titanic-Package\.tox\test_package\lib\site-packages\sklearn\pipeline.py", line 359, in _fit
    X, fitted_transformer = fit_transform_one_cached(
  File "C:\Users\satya\OneDrive\Documents\GitHub\ML_Ops\MLOps\Section-05-Production-Model-Titanic-Package\.tox\test_package\lib\site-packages\joblib\memory.py", line 349, in __call__
    return self.func(*args, **kwargs)
  File "C:\Users\satya\OneDrive\Documents\GitHub\ML_Ops\MLOps\Section-05-Production-Model-Titanic-Package\.tox\test_package\lib\site-packages\sklearn\pipeline.py", line 893, in _fit_transform_one
    res = transformer.fit_transform(X, y, **fit_params)
  File "C:\Users\satya\OneDrive\Documents\GitHub\ML_Ops\MLOps\Section-05-Production-Model-Titanic-Package\.tox\test_package\lib\site-packages\sklearn\utils\_set_output.py", line 142, in wrapped
    data_to_wrap = f(self, X, *args, **kwargs)
  File "C:\Users\satya\OneDrive\Documents\GitHub\ML_Ops\MLOps\Section-05-Production-Model-Titanic-Package\.tox\test_package\lib\site-packages\sklearn\base.py", line 862, in fit_transform
    return self.fit(X, y, **fit_params).transform(X)
  File "C:\Users\satya\OneDrive\Documents\GitHub\ML_Ops\MLOps\Section-05-Production-Model-Titanic-Package\.tox\test_package\lib\site-packages\feature_engine\imputation\categorical.py", line 170, in fit
    ] = _find_or_check_categorical_variables(X, self.variables)
  File "C:\Users\satya\OneDrive\Documents\GitHub\ML_Ops\MLOps\Section-05-Production-Model-Titanic-Package\.tox\test_package\lib\site-packages\feature_engine\_variable_handling\variable_type_selection.py", line 122, in _find_or_check_categorical_variables
    if len(X[variables].select_dtypes(exclude=["O", "category"]).columns) > 0:
  File "C:\Users\satya\OneDrive\Documents\GitHub\ML_Ops\MLOps\Section-05-Production-Model-Titanic-Package\.tox\test_package\lib\site-packages\pandas\core\frame.py", line 3813, in __getitem__
    indexer = self.columns._get_indexer_strict(key, "columns")[1]
  File "C:\Users\satya\OneDrive\Documents\GitHub\ML_Ops\MLOps\Section-05-Production-Model-Titanic-Package\.tox\test_package\lib\site-packages\pandas\core\indexes\base.py", line 6070, in _get_indexer_strict
    self._raise_if_missing(keyarr, indexer, axis_name)
  File "C:\Users\satya\OneDrive\Documents\GitHub\ML_Ops\MLOps\Section-05-Production-Model-Titanic-Package\.tox\test_package\lib\site-packages\pandas\core\indexes\base.py", line 6133, in _raise_if_missing
    raise KeyError(f"{not_found} not in index")
KeyError: "['title'] not in index"
