name: train
run_id: install_deps
env COMSPEC: C:\WINDOWS\system32\cmd.exe
env HOME: C:\Users\satya
env MSYSTEM: MINGW64
env NUMBER_OF_PROCESSORS: 12
env PATHEXT: .COM;.EXE;.BAT;.CMD;.VBS;.VBE;.JS;.JSE;.WSF;.WSH;.MSC;.RB;.RBW
env PKG_CONFIG_PATH: C:\Program Files\Git\mingw64\lib\pkgconfig;C:\Program Files\Git\mingw64\share\pkgconfig
env PROCESSOR_ARCHITECTURE: AMD64
env PROGRAMFILES: C:\Program Files
env PROGRAMDATA: C:\ProgramData
env PROGRAMFILES(X86): C:\Program Files (x86)
env SYSTEMDRIVE: C:
env SYSTEMROOT: C:\WINDOWS
env TEMP: C:\Users\satya\AppData\Local\Temp
env TMP: C:\Users\satya\AppData\Local\Temp
env USERPROFILE: C:\Users\satya
env PATH: C:\Users\satya\OneDrive\Documents\GitHub\ML_Ops\MLOps\section-05-production-model-package\.tox\test_package\Scripts;C:\Users\satya\bin;C:\Program Files\Git\mingw64\bin;C:\Program Files\Git\usr\local\bin;C:\Program Files\Git\usr\bin;C:\windows\system32;C:\windows;C:\windows\System32\Wbem;C:\windows\System32\WindowsPowerShell\v1.0;C:\windows\System32\OpenSSH;C:\Program Files (x86)\NVIDIA Corporation\PhysX\Common;C:\Program Files\NVIDIA Corporation\NVIDIA NvDLISR;C:\WINDOWS\system32;C:\WINDOWS;C:\WINDOWS\System32\Wbem;C:\WINDOWS\System32\WindowsPowerShell\v1.0;C:\WINDOWS\System32\OpenSSH;C:\Users\satya\AppData\Local\Programs\Python\Python39;C:\Users\satya\AppData\Local\Programs\Python\Python39\Scripts;C:\Program Files\Git\cmd;C:\Program Files\Docker\Docker\resources\bin;C:\Ruby31-x64\bin;C:\Users\satya\AppData\Local\Microsoft\WindowsApps;C:\Program Files\JetBrains\PyCharm Community Edition 2022.2.3\bin;C:\Users\satya\AppData\Local\Programs\Microsoft VS Code\bin;C:\Users\satya\AppData\Local\GitHubDesktop\bin;C:\Program Files\Git\usr\bin\vendor_perl;C:\Program Files\Git\usr\bin\core_perl
env PIP_DISABLE_PIP_VERSION_CHECK: 1
env PYTHONIOENCODING: utf-8
env PYTHONPATH: .
env PYTHONHASHSEED: 0
env TOX_ENV_NAME: train
env TOX_WORK_DIR: C:\Users\satya\OneDrive\Documents\GitHub\ML_Ops\MLOps\section-05-production-model-package\.tox
env TOX_ENV_DIR: C:\Users\satya\OneDrive\Documents\GitHub\ML_Ops\MLOps\section-05-production-model-package\.tox\test_package
env VIRTUAL_ENV: C:\Users\satya\OneDrive\Documents\GitHub\ML_Ops\MLOps\section-05-production-model-package\.tox\test_package
metadata pid: 27084
cwd: C:\Users\satya\OneDrive\Documents\GitHub\ML_Ops\MLOps\section-05-production-model-package
allow: C:\Users\satya\OneDrive\Documents\GitHub\ML_Ops\MLOps\section-05-production-model-package\.tox\test_package\Scripts\*
cmd: pip install -r C:\Users\satya\OneDrive\Documents\GitHub\ML_Ops\MLOps\section-05-production-model-package/requirements/test_requirements.txt
exit_code: 0
Collecting numpy<2.0.0,>=1.21.0
  Downloading numpy-1.24.2-cp39-cp39-win_amd64.whl (14.9 MB)
     --------------------------------------- 14.9/14.9 MB 10.7 MB/s eta 0:00:00
Collecting pandas<2.0.0,>=1.3.5
  Downloading pandas-1.5.3-cp39-cp39-win_amd64.whl (10.9 MB)
     ---------------------------------------- 10.9/10.9 MB 6.7 MB/s eta 0:00:00
Collecting pydantic<2.0.0,>=1.8.1
  Downloading pydantic-1.10.5-cp39-cp39-win_amd64.whl (2.2 MB)
     ---------------------------------------- 2.2/2.2 MB 7.7 MB/s eta 0:00:00
Collecting scikit-learn<2.0.0,>=1.1.3
  Downloading scikit_learn-1.2.1-cp39-cp39-win_amd64.whl (8.4 MB)
     ---------------------------------------- 8.4/8.4 MB 3.9 MB/s eta 0:00:00
Collecting strictyaml<2.0.0,>=1.3.2
  Downloading strictyaml-1.6.2.tar.gz (130 kB)
     -------------------------------------- 130.8/130.8 kB 3.9 MB/s eta 0:00:00
  Preparing metadata (setup.py): started
  Preparing metadata (setup.py): finished with status 'done'
Collecting ruamel.yaml<1.0.0,>=0.16.12
  Downloading ruamel.yaml-0.17.21-py3-none-any.whl (109 kB)
     -------------------------------------- 109.5/109.5 kB 3.1 MB/s eta 0:00:00
Collecting feature-engine<2.0.0,>=1.0.2
  Downloading feature_engine-1.5.2-py2.py3-none-any.whl (290 kB)
     -------------------------------------- 290.0/290.0 kB 3.6 MB/s eta 0:00:00
Collecting joblib<2.0.0,>=1.0.1
  Using cached joblib-1.2.0-py3-none-any.whl (297 kB)
Collecting pytest<8.0.0,>=7.2.0
  Using cached pytest-7.2.1-py3-none-any.whl (317 kB)
Collecting pytz>=2020.1
  Downloading pytz-2022.7.1-py2.py3-none-any.whl (499 kB)
     -------------------------------------- 499.4/499.4 kB 3.1 MB/s eta 0:00:00
Collecting python-dateutil>=2.8.1
  Using cached python_dateutil-2.8.2-py2.py3-none-any.whl (247 kB)
Collecting typing-extensions>=4.2.0
  Downloading typing_extensions-4.5.0-py3-none-any.whl (27 kB)
Collecting threadpoolctl>=2.0.0
  Using cached threadpoolctl-3.1.0-py3-none-any.whl (14 kB)
Collecting scipy>=1.3.2
  Downloading scipy-1.10.0-cp39-cp39-win_amd64.whl (42.5 MB)
     ---------------------------------------- 42.5/42.5 MB 2.2 MB/s eta 0:00:00
Collecting ruamel.yaml.clib>=0.2.6
  Downloading ruamel.yaml.clib-0.2.7-cp39-cp39-win_amd64.whl (118 kB)
     -------------------------------------- 118.4/118.4 kB 2.3 MB/s eta 0:00:00
Collecting statsmodels>=0.11.1
  Using cached statsmodels-0.13.5-cp39-cp39-win_amd64.whl (9.2 MB)
Collecting attrs>=19.2.0
  Downloading attrs-22.2.0-py3-none-any.whl (60 kB)
     ---------------------------------------- 60.0/60.0 kB 3.1 MB/s eta 0:00:00
Collecting iniconfig
  Using cached iniconfig-2.0.0-py3-none-any.whl (5.9 kB)
Collecting exceptiongroup>=1.0.0rc8
  Downloading exceptiongroup-1.1.0-py3-none-any.whl (14 kB)
Collecting colorama
  Using cached colorama-0.4.6-py2.py3-none-any.whl (25 kB)
Collecting packaging
  Using cached packaging-23.0-py3-none-any.whl (42 kB)
Collecting tomli>=1.0.0
  Using cached tomli-2.0.1-py3-none-any.whl (12 kB)
Collecting pluggy<2.0,>=0.12
  Using cached pluggy-1.0.0-py2.py3-none-any.whl (13 kB)
Collecting six>=1.5
  Using cached six-1.16.0-py2.py3-none-any.whl (11 kB)
Collecting patsy>=0.5.2
  Using cached patsy-0.5.3-py2.py3-none-any.whl (233 kB)
Building wheels for collected packages: strictyaml
  Building wheel for strictyaml (setup.py): started
  Building wheel for strictyaml (setup.py): finished with status 'done'
  Created wheel for strictyaml: filename=strictyaml-1.6.2-py3-none-any.whl size=123964 sha256=21a76d4c66918b22f9e5a911a263cf028b561561353f80b5629fff60a1d22326
  Stored in directory: c:\users\satya\appdata\local\pip\cache\wheels\88\3e\de\bfda05fafd7e1501510bae75e84d3fe849e9c1ea3f4d56b6ed
Successfully built strictyaml
Installing collected packages: pytz, typing-extensions, tomli, threadpoolctl, six, ruamel.yaml.clib, pluggy, packaging, numpy, joblib, iniconfig, exceptiongroup, colorama, attrs, scipy, ruamel.yaml, python-dateutil, pytest, pydantic, patsy, strictyaml, scikit-learn, pandas, statsmodels, feature-engine
Successfully installed attrs-22.2.0 colorama-0.4.6 exceptiongroup-1.1.0 feature-engine-1.5.2 iniconfig-2.0.0 joblib-1.2.0 numpy-1.24.2 packaging-23.0 pandas-1.5.3 patsy-0.5.3 pluggy-1.0.0 pydantic-1.10.5 pytest-7.2.1 python-dateutil-2.8.2 pytz-2022.7.1 ruamel.yaml-0.17.21 ruamel.yaml.clib-0.2.7 scikit-learn-1.2.1 scipy-1.10.0 six-1.16.0 statsmodels-0.13.5 strictyaml-1.6.2 threadpoolctl-3.1.0 tomli-2.0.1 typing-extensions-4.5.0
