name: train
run_id: commands[0]
env COMSPEC: C:\WINDOWS\system32\cmd.exe
env HOME: C:\Users\satya
env MSYSTEM: MINGW64
env NUMBER_OF_PROCESSORS: 12
env PATHEXT: .COM;.EXE;.BAT;.CMD;.VBS;.VBE;.JS;.JSE;.WSF;.WSH;.MSC;.RB;.RBW
env PKG_CONFIG_PATH: C:\Program Files\Git\mingw64\lib\pkgconfig;C:\Program Files\Git\mingw64\share\pkgconfig
env PROCESSOR_ARCHITECTURE: AMD64
env PROGRAMFILES: C:\Program Files
env PROGRAMDATA: C:\ProgramData
env PROGRAMFILES(X86): C:\Program Files (x86)
env SYSTEMDRIVE: C:
env SYSTEMROOT: C:\WINDOWS
env TEMP: C:\Users\satya\AppData\Local\Temp
env TMP: C:\Users\satya\AppData\Local\Temp
env USERPROFILE: C:\Users\satya
env PATH: C:\Users\satya\OneDrive\Documents\GitHub\ML_Ops\MLOps\section-05-production-model-package\.tox\test_package\Scripts;C:\Users\satya\bin;C:\Program Files\Git\mingw64\bin;C:\Program Files\Git\usr\local\bin;C:\Program Files\Git\usr\bin;C:\windows\system32;C:\windows;C:\windows\System32\Wbem;C:\windows\System32\WindowsPowerShell\v1.0;C:\windows\System32\OpenSSH;C:\Program Files (x86)\NVIDIA Corporation\PhysX\Common;C:\Program Files\NVIDIA Corporation\NVIDIA NvDLISR;C:\WINDOWS\system32;C:\WINDOWS;C:\WINDOWS\System32\Wbem;C:\WINDOWS\System32\WindowsPowerShell\v1.0;C:\WINDOWS\System32\OpenSSH;C:\Users\satya\AppData\Local\Programs\Python\Python39;C:\Users\satya\AppData\Local\Programs\Python\Python39\Scripts;C:\Program Files\Git\cmd;C:\Program Files\Docker\Docker\resources\bin;C:\Ruby31-x64\bin;C:\Users\satya\AppData\Local\Microsoft\WindowsApps;C:\Program Files\JetBrains\PyCharm Community Edition 2022.2.3\bin;C:\Users\satya\AppData\Local\Programs\Microsoft VS Code\bin;C:\Users\satya\AppData\Local\GitHubDesktop\bin;C:\Program Files\Git\usr\bin\vendor_perl;C:\Program Files\Git\usr\bin\core_perl
env PIP_DISABLE_PIP_VERSION_CHECK: 1
env PYTHONIOENCODING: utf-8
env PYTHONPATH: .
env PYTHONHASHSEED: 0
env TOX_ENV_NAME: train
env TOX_WORK_DIR: C:\Users\satya\OneDrive\Documents\GitHub\ML_Ops\MLOps\section-05-production-model-package\.tox
env TOX_ENV_DIR: C:\Users\satya\OneDrive\Documents\GitHub\ML_Ops\MLOps\section-05-production-model-package\.tox\test_package
env VIRTUAL_ENV: C:\Users\satya\OneDrive\Documents\GitHub\ML_Ops\MLOps\section-05-production-model-package\.tox\test_package
metadata pid: 13320
cwd: C:\Users\satya\OneDrive\Documents\GitHub\ML_Ops\MLOps\section-05-production-model-package
allow: C:\Users\satya\OneDrive\Documents\GitHub\ML_Ops\MLOps\section-05-production-model-package\.tox\test_package\Scripts\*
cmd: python regression_model/train_pipeline.py
exit_code: 0
