name: run1
run_id: install_deps
env COMSPEC: C:\WINDOWS\system32\cmd.exe
env HOME: C:\Users\satya
env MSYSTEM: MINGW64
env NUMBER_OF_PROCESSORS: 12
env PATHEXT: .COM;.EXE;.BAT;.CMD;.VBS;.VBE;.JS;.JSE;.WSF;.WSH;.MSC;.RB;.RBW
env PKG_CONFIG_PATH: C:\Program Files\Git\mingw64\lib\pkgconfig;C:\Program Files\Git\mingw64\share\pkgconfig
env PROCESSOR_ARCHITECTURE: AMD64
env PROGRAMFILES: C:\Program Files
env PROGRAMDATA: C:\ProgramData
env PROGRAMFILES(X86): C:\Program Files (x86)
env SYSTEMDRIVE: C:
env SYSTEMROOT: C:\WINDOWS
env TEMP: C:\Users\satya\AppData\Local\Temp
env TMP: C:\Users\satya\AppData\Local\Temp
env USERPROFILE: C:\Users\satya
env PATH: C:\Users\satya\OneDrive\Documents\GitHub\ML_Ops\MLOps\model-serving-api\house-prices-api\.tox\test_app\Scripts;C:\Users\satya\bin;C:\Program Files\Git\mingw64\bin;C:\Program Files\Git\usr\local\bin;C:\Program Files\Git\usr\bin;C:\windows\system32;C:\windows;C:\windows\System32\Wbem;C:\windows\System32\WindowsPowerShell\v1.0;C:\windows\System32\OpenSSH;C:\Program Files (x86)\NVIDIA Corporation\PhysX\Common;C:\Program Files\NVIDIA Corporation\NVIDIA NvDLISR;C:\WINDOWS\system32;C:\WINDOWS;C:\WINDOWS\System32\Wbem;C:\WINDOWS\System32\WindowsPowerShell\v1.0;C:\WINDOWS\System32\OpenSSH;C:\Users\satya\AppData\Local\Programs\Python\Python39;C:\Users\satya\AppData\Local\Programs\Python\Python39\Scripts;C:\Program Files\Git\cmd;C:\Program Files\Docker\Docker\resources\bin;C:\Ruby31-x64\bin;C:\Users\satya\AppData\Local\Microsoft\WindowsApps;C:\Program Files\JetBrains\PyCharm Community Edition 2022.2.3\bin;C:\Users\satya\AppData\Local\Programs\Microsoft VS Code\bin;C:\Users\satya\AppData\Local\GitHubDesktop\bin;C:\Program Files\Git\usr\bin\vendor_perl;C:\Program Files\Git\usr\bin\core_perl
env PYTHONHASHSEED: 60
env PIP_DISABLE_PIP_VERSION_CHECK: 1
env PYTHONIOENCODING: utf-8
env PYTHONPATH: .
env TOX_ENV_NAME: run1
env TOX_WORK_DIR: C:\Users\satya\OneDrive\Documents\GitHub\ML_Ops\MLOps\model-serving-api\house-prices-api\.tox
env TOX_ENV_DIR: C:\Users\satya\OneDrive\Documents\GitHub\ML_Ops\MLOps\model-serving-api\house-prices-api\.tox\test_app
env VIRTUAL_ENV: C:\Users\satya\OneDrive\Documents\GitHub\ML_Ops\MLOps\model-serving-api\house-prices-api\.tox\test_app
metadata pid: 2652
cwd: C:\Users\satya\OneDrive\Documents\GitHub\ML_Ops\MLOps\model-serving-api\house-prices-api
allow: C:\Users\satya\OneDrive\Documents\GitHub\ML_Ops\MLOps\model-serving-api\house-prices-api\.tox\test_app\Scripts\*
cmd: pip install -r test_requirements.txt
exit_code: 0
Collecting uvicorn<0.30.0,>=0.20.0
  Downloading uvicorn-0.20.0-py3-none-any.whl (56 kB)
     ---------------------------------------- 56.9/56.9 kB 1.5 MB/s eta 0:00:00
Collecting fastapi<1.0.0,>=0.88.0
  Downloading fastapi-0.92.0-py3-none-any.whl (56 kB)
     ---------------------------------------- 56.2/56.2 kB ? eta 0:00:00
Collecting python-multipart<0.1.0,>=0.0.5
  Downloading python-multipart-0.0.5.tar.gz (32 kB)
  Preparing metadata (setup.py): started
  Preparing metadata (setup.py): finished with status 'done'
Collecting pydantic<1.12.0,>=1.10.4
  Using cached pydantic-1.10.5-cp39-cp39-win_amd64.whl (2.2 MB)
Collecting typing_extensions<5.0.0,>=4.2.0
  Using cached typing_extensions-4.5.0-py3-none-any.whl (27 kB)
Collecting loguru<1.0.0,>=0.5.3
  Downloading loguru-0.6.0-py3-none-any.whl (58 kB)
     ---------------------------------------- 58.3/58.3 kB 3.2 MB/s eta 0:00:00
Collecting tid-regression-model>=3.2.0
  Downloading tid_regression_model-3.2.0-py3-none-any.whl (191 kB)
     -------------------------------------- 191.1/191.1 kB 2.9 MB/s eta 0:00:00
Collecting pytest<8.0.0,>=7.2.0
  Using cached pytest-7.2.1-py3-none-any.whl (317 kB)
Collecting requests<2.50.0,>=2.28.0
  Downloading requests-2.28.2-py3-none-any.whl (62 kB)
     ---------------------------------------- 62.8/62.8 kB ? eta 0:00:00
Collecting httpx<0.50.0,>=0.23.2
  Downloading httpx-0.23.3-py3-none-any.whl (71 kB)
     ---------------------------------------- 71.5/71.5 kB ? eta 0:00:00
Collecting click>=7.0
  Using cached click-8.1.3-py3-none-any.whl (96 kB)
Collecting h11>=0.8
  Using cached h11-0.14.0-py3-none-any.whl (58 kB)
Collecting starlette<0.26.0,>=0.25.0
  Downloading starlette-0.25.0-py3-none-any.whl (66 kB)
     ---------------------------------------- 66.4/66.4 kB ? eta 0:00:00
Collecting six>=1.4.0
  Using cached six-1.16.0-py2.py3-none-any.whl (11 kB)
Collecting colorama>=0.3.4
  Using cached colorama-0.4.6-py2.py3-none-any.whl (25 kB)
Collecting win32-setctime>=1.0.0
  Downloading win32_setctime-1.1.0-py3-none-any.whl (3.6 kB)
Collecting feature-engine<2.0.0,>=1.0.2
  Using cached feature_engine-1.5.2-py2.py3-none-any.whl (290 kB)
Collecting pandas<2.0.0,>=1.3.5
  Using cached pandas-1.5.3-cp39-cp39-win_amd64.whl (10.9 MB)
Collecting numpy<2.0.0,>=1.21.0
  Using cached numpy-1.24.2-cp39-cp39-win_amd64.whl (14.9 MB)
Collecting joblib<2.0.0,>=1.0.1
  Using cached joblib-1.2.0-py3-none-any.whl (297 kB)
Collecting ruamel.yaml<1.0.0,>=0.16.12
  Using cached ruamel.yaml-0.17.21-py3-none-any.whl (109 kB)
Collecting strictyaml<2.0.0,>=1.3.2
  Using cached strictyaml-1.6.2.tar.gz (130 kB)
  Preparing metadata (setup.py): started
  Preparing metadata (setup.py): finished with status 'done'
Collecting scikit-learn<2.0.0,>=1.1.3
  Using cached scikit_learn-1.2.1-cp39-cp39-win_amd64.whl (8.4 MB)
Collecting iniconfig
  Using cached iniconfig-2.0.0-py3-none-any.whl (5.9 kB)
Collecting tomli>=1.0.0
  Using cached tomli-2.0.1-py3-none-any.whl (12 kB)
Collecting pluggy<2.0,>=0.12
  Using cached pluggy-1.0.0-py2.py3-none-any.whl (13 kB)
Collecting packaging
  Using cached packaging-23.0-py3-none-any.whl (42 kB)
Collecting attrs>=19.2.0
  Using cached attrs-22.2.0-py3-none-any.whl (60 kB)
Collecting exceptiongroup>=1.0.0rc8
  Using cached exceptiongroup-1.1.0-py3-none-any.whl (14 kB)
Collecting certifi>=2017.4.17
  Downloading certifi-2022.12.7-py3-none-any.whl (155 kB)
     ---------------------------------------- 155.3/155.3 kB ? eta 0:00:00
Collecting charset-normalizer<4,>=2
  Downloading charset_normalizer-3.0.1-cp39-cp39-win_amd64.whl (96 kB)
     ---------------------------------------- 96.5/96.5 kB ? eta 0:00:00
Collecting idna<4,>=2.5
  Using cached idna-3.4-py3-none-any.whl (61 kB)
Collecting urllib3<1.27,>=1.21.1
  Downloading urllib3-1.26.14-py2.py3-none-any.whl (140 kB)
     ---------------------------------------- 140.6/140.6 kB ? eta 0:00:00
Collecting httpcore<0.17.0,>=0.15.0
  Downloading httpcore-0.16.3-py3-none-any.whl (69 kB)
     ---------------------------------------- 69.6/69.6 kB 4.0 MB/s eta 0:00:00
Collecting rfc3986[idna2008]<2,>=1.3
  Downloading rfc3986-1.5.0-py2.py3-none-any.whl (31 kB)
Collecting sniffio
  Using cached sniffio-1.3.0-py3-none-any.whl (10 kB)
Collecting scipy>=1.4.1
  Using cached scipy-1.10.0-cp39-cp39-win_amd64.whl (42.5 MB)
Collecting statsmodels>=0.11.1
  Using cached statsmodels-0.13.5-cp39-cp39-win_amd64.whl (9.2 MB)
Collecting anyio<5.0,>=3.0
  Using cached anyio-3.6.2-py3-none-any.whl (80 kB)
Collecting pytz>=2020.1
  Using cached pytz-2022.7.1-py2.py3-none-any.whl (499 kB)
Collecting python-dateutil>=2.8.1
  Using cached python_dateutil-2.8.2-py2.py3-none-any.whl (247 kB)
Collecting ruamel.yaml.clib>=0.2.6
  Using cached ruamel.yaml.clib-0.2.7-cp39-cp39-win_amd64.whl (118 kB)
Collecting threadpoolctl>=2.0.0
  Using cached threadpoolctl-3.1.0-py3-none-any.whl (14 kB)
Collecting patsy>=0.5.2
  Using cached patsy-0.5.3-py2.py3-none-any.whl (233 kB)
Building wheels for collected packages: python-multipart, strictyaml
  Building wheel for python-multipart (setup.py): started
  Building wheel for python-multipart (setup.py): finished with status 'done'
  Created wheel for python-multipart: filename=python_multipart-0.0.5-py3-none-any.whl size=31681 sha256=fcddc0fd6e09687a565b7231f948b411f6ae79e8432cfc42d0c0bb76fa676fcf
  Stored in directory: c:\users\satya\appdata\local\pip\cache\wheels\fe\04\d1\a10661cc45f03c3cecda50deb2d2c22f57b4e84a75b2a5987e
  Building wheel for strictyaml (setup.py): started
  Building wheel for strictyaml (setup.py): finished with status 'done'
  Created wheel for strictyaml: filename=strictyaml-1.6.2-py3-none-any.whl size=123964 sha256=b8f8870b9cde831586beecd92dd62b21e79d1ac1e26c55c3bda3a72911ef23d3
  Stored in directory: c:\users\satya\appdata\local\pip\cache\wheels\2a\59\c1\82ec8da49fe5abc15183319250589e7a0efe43ed02b1e6c555
Successfully built python-multipart strictyaml
Installing collected packages: rfc3986, pytz, charset-normalizer, win32-setctime, urllib3, typing_extensions, tomli, threadpoolctl, sniffio, six, ruamel.yaml.clib, pluggy, packaging, numpy, joblib, iniconfig, idna, h11, exceptiongroup, colorama, certifi, attrs, scipy, ruamel.yaml, requests, python-multipart, python-dateutil, pytest, pydantic, patsy, loguru, click, anyio, uvicorn, strictyaml, starlette, scikit-learn, pandas, httpcore, statsmodels, httpx, fastapi, feature-engine, tid-regression-model
Successfully installed anyio-3.6.2 attrs-22.2.0 certifi-2022.12.7 charset-normalizer-3.0.1 click-8.1.3 colorama-0.4.6 exceptiongroup-1.1.0 fastapi-0.92.0 feature-engine-1.5.2 h11-0.14.0 httpcore-0.16.3 httpx-0.23.3 idna-3.4 iniconfig-2.0.0 joblib-1.2.0 loguru-0.6.0 numpy-1.24.2 packaging-23.0 pandas-1.5.3 patsy-0.5.3 pluggy-1.0.0 pydantic-1.10.5 pytest-7.2.1 python-dateutil-2.8.2 python-multipart-0.0.5 pytz-2022.7.1 requests-2.28.2 rfc3986-1.5.0 ruamel.yaml-0.17.21 ruamel.yaml.clib-0.2.7 scikit-learn-1.2.1 scipy-1.10.0 six-1.16.0 sniffio-1.3.0 starlette-0.25.0 statsmodels-0.13.5 strictyaml-1.6.2 threadpoolctl-3.1.0 tid-regression-model-3.2.0 tomli-2.0.1 typing_extensions-4.5.0 urllib3-1.26.14 uvicorn-0.20.0 win32-setctime-1.1.0
